\BOOKMARK [0][-]{chapter*.1}{Preface}{}% 1
\BOOKMARK [0][-]{chapter*.2}{Abstract}{}% 2
\BOOKMARK [0][-]{chapter*.3}{List of Figures and Tables}{}% 3
\BOOKMARK [0][-]{chapter*.6}{List of Abbreviations and Symbols}{}% 4
\BOOKMARK [0][-]{chapter.1}{Introduction}{}% 5
\BOOKMARK [1][-]{section.1.1}{Simultaneous localization and mapping}{chapter.1}% 6
\BOOKMARK [1][-]{section.1.2}{Mono SLAM}{chapter.1}% 7
\BOOKMARK [1][-]{section.1.3}{Object-level SLAM}{chapter.1}% 8
\BOOKMARK [1][-]{section.1.4}{SLAM in a large scale environment}{chapter.1}% 9
\BOOKMARK [0][-]{chapter.2}{The First Chapter}{}% 10
\BOOKMARK [1][-]{section.2.1}{The First Topic of the Chapter}{chapter.2}% 11
\BOOKMARK [1][-]{section.2.2}{A Second Topic}{chapter.2}% 12
\BOOKMARK [1][-]{section.2.3}{Conclusion}{chapter.2}% 13
\BOOKMARK [0][-]{chapter.3}{The Next Chapter}{}% 14
\BOOKMARK [1][-]{section.3.1}{The First Topic of this Chapter}{chapter.3}% 15
\BOOKMARK [1][-]{section.3.2}{Figures}{chapter.3}% 16
\BOOKMARK [1][-]{section.3.3}{Tables}{chapter.3}% 17
\BOOKMARK [1][-]{section.3.4}{Lorem Ipsum}{chapter.3}% 18
\BOOKMARK [1][-]{section.3.5}{Conclusion}{chapter.3}% 19
\BOOKMARK [0][-]{chapter.4}{The Final Chapter}{}% 20
\BOOKMARK [1][-]{section.4.1}{The First Topic of this Chapter}{chapter.4}% 21
\BOOKMARK [1][-]{section.4.2}{The Second Topic}{chapter.4}% 22
\BOOKMARK [1][-]{section.4.3}{Conclusion}{chapter.4}% 23
\BOOKMARK [0][-]{chapter.5}{Conclusion}{}% 24
\BOOKMARK [0][-]{appendix.A}{The First Appendix}{}% 25
\BOOKMARK [1][-]{section.A.1}{More Lorem}{appendix.A}% 26
\BOOKMARK [1][-]{section.A.2}{Lorem 51}{appendix.A}% 27
\BOOKMARK [0][-]{appendix.B}{The Last Appendix}{}% 28
\BOOKMARK [1][-]{section.B.1}{Lorem 20-24}{appendix.B}% 29
\BOOKMARK [1][-]{section.B.2}{Lorem 25-27}{appendix.B}% 30
